 _ _ _ _ _ _ _ _ _ _
|_  |_  | |    _ _  |
|  _  |  _ _| | |_  |
| |  _ _  |     | | |
|_|_   _|_  | | | | |
|_   _     _ _| | |_|
|_ _  |_|_| |_   _  |
| | |_    | |       |
| | |  _|_|  _|_| | |
|    _    |_| |   | |
|_|_ _|_|_ _ _|_|_ _|

(turno:0)
(laberinto:99)
(puerta:cerrada:7: 1 3 5 7 9 11 13 15 17 19 21 23 25 27 29:)
 _ _ _ _ _ _ _ _ _ _
|3  |_  | |    _ _  |
|  _  |  _ _| | |_  |
| |  _ _  |     | | |
|_|_   _|_  | | | | |
|_   _     _ _| | |_|
|_ _  |_|_| |_   _  |
| | |_    | |       |
| | |  _|_|  _|_| | |
|    _    |_| |   | |
|2|_ _|_|_ _ _|_|_ 2|

(sala:1: 0 1 1 2 3)
(sala:11: 3 4 5 5 6)
(sala:12: 7 7 8 9 9)
(sala:22: 10 11 11 12 13)
(sala:26: 13 14 15 15 16)
(sala:27: 17 17 18 19 19)
(sala:37: 20 21 21 22 23)
(sala:47: 23 24 25 25 26)
(sala:57: 27 27 28 29 29)
(bender:B:0:3: )
(bender:N:0:4: )
(sonny:Y:0:5: )
(spirit:S:90:7: )
(spirit:T:90:5: )
(asimo:A:99:1: 29 27 25 23 21 19 17 15 13 11 9 7 5 3 1 )
(asimo:O:99:2: 29 27 25 23 21 19 17 15 13 11 9 7 5 3 1 )
(turno:1)
(laberinto:99)
(puerta:cerrada:7: 1 3 5 7 9 11 13 15 17 19 21 23 25 27 29:)
 _ _ _ _ _ _ _ _ _ _
|3  |_  | |    _ _  |
|  _  |  _ _| | |_  |
| |  _ _  |     | | |
|_|_   _|_  | | | | |
|_   _     _ _| | |_|
|_ _  |_|_| |_   _  |
| | |_    | |       |
| | |  _|_|  _|_| | |
|    _    |_| |   |A|
|2|_ _|_|_ _ _|_|_ O|

(sala:1: 0 1 1 2 3)
(sala:11: 3 4 5 5 6)
(sala:12: 7 7 8 9 9)
(sala:22: 10 11 11 12 13)
(sala:26: 13 14 15 15 16)
(sala:27: 17 17 18 19 19)
(sala:37: 20 21 21 22 23)
(sala:47: 23 24 25 25 26)
(sala:57: 27 27 28 29 29)
(bender:B:0:3: )
(bender:N:0:4: )
(sonny:Y:0:5: )
(asimo:A:89:2: 29 27 25 23 21 19 17 15 13 11 9 7 5 3 1 )
(spirit:S:90:7: )
(spirit:T:90:5: )
(asimo:O:99:2: 29 27 25 23 21 19 17 15 13 11 9 7 5 3 1 )
(turno:2)
(laberinto:99)
(puerta:cerrada:7: 1 3 5 7 9 11 13 15 17 19 21 23 25 27 29:)
 _ _ _ _ _ _ _ _ _ _
|3  |_  | |    _ _  |
|  _  |  _ _| | |_  |
| |  _ _  |     | | |
|_|_   _|_  | | | | |
|_   _     _ _| | |_|
|_ _  |_|_| |_   _  |
| | |_    | |       |
| | |  _|_|  _|_| |A|
|    _    |_| |   |O|
|2|_ _|_|_ _ _|_|_ _|

(sala:1: 0 1 1 2 3)
(sala:11: 3 4 5 5 6)
(sala:12: 7 7 8 9 9)
(sala:22: 10 11 11 12 13)
(sala:26: 13 14 15 15 16)
(sala:27: 17 17 18 19 19)
(sala:37: 20 21 21 22 23)
(sala:47: 23 24 25 25 26)
(sala:57: 27 27 28 29 29)
(bender:B:0:3: )
(bender:N:0:4: )
(sonny:Y:0:5: )
(asimo:A:79:3: 29 27 25 23 21 19 17 15 13 11 9 7 5 3 1 )
(asimo:O:89:3: 29 27 25 23 21 19 17 15 13 11 9 7 5 3 1 )
(spirit:S:90:7: )
(spirit:T:90:5: )
(turno:3)
(laberinto:99)
(puerta:cerrada:7: 1 3 5 7 9 11 13 15 17 19 21 23 25 27 29:)
 _ _ _ _ _ _ _ _ _ _
|2 B|_  | |    _ _  |
|  _  |  _ _| | |_  |
| |  _ _  |     | | |
|_|_   _|_  | | | | |
|_   _     _ _| | |_|
|_ _  |_|_| |_   _  |
| | |_    | |      A|
| | |  _|_|  _|_| |O|
|    _    |_| |   | |
|2|_ _|_|_ _ _|_|_ _|

(sala:1: 1 1 2 3)
(sala:11: 3 4 5 5 6)
(sala:12: 7 7 8 9 9)
(sala:22: 10 11 11 12 13)
(sala:26: 13 14 15 15 16)
(sala:27: 17 17 18 19 19)
(sala:37: 20 21 21 22 23)
(sala:47: 23 24 25 25 26)
(sala:57: 27 27 28 29 29)
(bender:N:0:4: )
(sonny:Y:0:5: )
(bender:B:1:4: 0 )
(asimo:A:69:4: 29 27 25 23 21 19 17 15 13 11 9 7 5 3 1 )
(asimo:O:79:4: 29 27 25 23 21 19 17 15 13 11 9 7 5 3 1 )
(spirit:S:90:7: )
(spirit:T:90:5: )
(turno:4)
(laberinto:99)
(puerta:cerrada:7: 1 3 5 7 9 11 13 15 17 19 21 23 25 27 29:)
 _ _ _ _ _ _ _ _ _ _
|Y N|_  | |    _ _  |
|  B  |  _ _| | |_  |
| |  _ _  |     | | |
|_|_   _|_  | | | | |
|_   _     _ _| | |_|
|_ _  |_|_| |_   _ A|
| | |_    | |      O|
| | |  _|_|  _|_| | |
|    _    |_| |   | |
|2|_ _|_|_ _ _|_|_ _|

(sala:1: 1 2 3)
(sala:11: 4 5 5 6)
(sala:12: 7 7 8 9 9)
(sala:22: 10 11 11 12 13)
(sala:26: 13 14 15 15 16)
(sala:27: 17 17 18 19 19)
(sala:37: 20 21 21 22 23)
(sala:47: 23 24 25 25 26)
(sala:57: 27 27 28 29 29)
(sonny:Y:0:5: )
(bender:N:1:5: 1 )
(bender:B:11:5: 3 0 )
(asimo:A:59:5: 29 27 25 23 21 19 17 15 13 11 9 7 5 3 1 )
(asimo:O:69:5: 29 27 25 23 21 19 17 15 13 11 9 7 5 3 1 )
(spirit:S:90:7: )
(spirit:T:90:5: )
(turno:5)
(laberinto:99)
(puerta:cerrada:7: 1 3 5 7 9 11 13 15 17 19 21 23 25 27 29:)
 _ _ _ _ _ _ _ _ _ _
|_ Y|_  | |    _ _  |
|  N B|  _ _| | |_  |
| |  _ _  |     | | |
|_|_   _|_  | | | | |
|_   _     _ _| | |_|
|_ _  |_|_| |_   A O|
| | |_    | |       |
| | |  _|_|  _|_| | |
|T   _    |_| |   | |
|S|_ _|_|_ _ _|_|_ _|

(sala:1: 2 3)
(sala:11: 5 5 6)
(sala:12: 7 8 9 9)
(sala:22: 10 11 11 12 13)
(sala:26: 13 14 15 15 16)
(sala:27: 17 17 18 19 19)
(sala:37: 20 21 21 22 23)
(sala:47: 23 24 25 25 26)
(sala:57: 27 27 28 29 29)
(sala:58: 29)
(sonny:Y:1:6: 1 )
(bender:N:11:6: 4 1 )
(bender:B:12:6: 7 3 0 )
(asimo:A:58:6: 27 25 23 21 19 17 15 13 11 9 7 5 3 1 )
(asimo:O:59:6: 29 27 25 23 21 19 17 15 13 11 9 7 5 3 1 )
(spirit:T:80:6: )
(spirit:S:90:7: )
(turno:6)
(laberinto:99)
(puerta:cerrada:7: 1 3 5 7 9 11 13 15 17 19 21 23 25 27 29:)
 _ _ _ _ _ _ _ _ _ _
|_  |_  | |    _ _  |
|  Y N|  _ _| | |_  |
| |  B _  |     | | |
|_|_   _|_  | | | | |
|_   _     _ _| | |_|
|_ _  |_|_| |_ A O  |
| | |_    | |       |
|T| |  _|_|  _|_| | |
|    _    |_| |   | |
|S|_ _|_|_ _ _|_|_ _|

(sala:1: 2 3)
(sala:11: 5 6)
(sala:12: 8 9 9)
(sala:22: 11 11 12 13)
(sala:26: 13 14 15 15 16)
(sala:27: 17 17 18 19 19)
(sala:37: 20 21 21 22 23)
(sala:47: 23 24 25 25 26)
(sala:57: 27 27 28 29 29)
(sala:58: 29 29)
(sonny:Y:11:7: 5 1 )
(bender:N:12:7: 7 4 1 )
(bender:B:22:7: 10 7 3 0 )
(asimo:A:57:7: 27 25 23 21 19 17 15 13 11 9 7 5 3 1 )
(asimo:O:58:7: 27 25 23 21 19 17 15 13 11 9 7 5 3 1 )
(spirit:T:70:7: )
(spirit:S:90:7: )
(turno:7)
(laberinto:99)
(puerta:cerrada:7: 1 3 5 7 9 11 13 15 17 19 21 23 25 27 29:)
 _ _ _ _ _ _ _ _ _ _
|_  |_  | |    _ _  |
|Y _  |  _ _| | |_  |
| |B N _  |     | | |
|_|_   _|_  | | | | |
|_   _     _ _|A| |_|
|_ _  |_|_| |_ O _  |
|T| |_    | |       |
| | |  _|_|  _|_| | |
|S   _    |_| |   | |
|_|_ _|_|_ _ _|_|_ _|

(sala:1: 2 3)
(sala:11: 5 6)
(sala:12: 8 9 9)
(sala:22: 11 12 13)
(sala:26: 13 14 15 15 16)
(sala:27: 17 17 18 19 19)
(sala:37: 20 21 21 22 23)
(sala:47: 23 24 25 25 26)
(sala:57: 27 27 28 29 29)
(sala:58: 29 29)
(sonny:Y:10:8: 5 1 )
(bender:B:21:8: 10 7 3 0 )
(bender:N:22:8: 11 7 4 1 )
(asimo:A:47:8: 27 25 23 21 19 17 15 13 11 9 7 5 3 1 )
(asimo:O:57:8: 27 25 23 21 19 17 15 13 11 9 7 5 3 1 )
(spirit:T:60:8: )
(spirit:S:80:8: )
(turno:8)
(laberinto:99)
(puerta:cerrada:7: 1 3 5 7 9 11 13 15 17 19 21 23 25 27 29:)
 _ _ _ _ _ _ _ _ _ _
|_  |_  | |    _ _  |
|  _  |  _ _| | |_  |
|Y|N _ _  |     | | |
|_|B   _|_  | |A| | |
|_   _     _ _|O| |_|
|_ _  |_|_| |_   _  |
| | |_    | |       |
|2| |  _|_|  _|_| | |
|    _    |_| |   | |
|_|_ _|_|_ _ _|_|_ _|

(sala:1: 2 3)
(sala:11: 5 6)
(sala:12: 8 9 9)
(sala:22: 11 12 13)
(sala:26: 13 14 15 15 16)
(sala:27: 17 17 18 19 19)
(sala:37: 20 21 21 22 23)
(sala:47: 23 24 25 25 26)
(sala:57: 27 27 28 29 29)
(sala:58: 29 29)
(sonny:Y:20:9: 5 1 )
(bender:N:21:9: 11 7 4 1 )
(bender:B:31:9: 10 7 3 0 )
(asimo:A:37:9: 27 25 23 21 19 17 15 13 11 9 7 5 3 1 )
(asimo:O:47:9: 27 25 23 21 19 17 15 13 11 9 7 5 3 1 )
(spirit:T:70:9: )
(spirit:S:70:9: )
(turno:9)
(laberinto:99)
(puerta:cerrada:7: 1 3 5 7 9 11 13 15 17 19 21 23 25 27 29:)
 _ _ _ _ _ _ _ _ _ _
|_  |_  | |    _ _  |
|  _  |  _ _| | |_  |
| |  _ _  |    A| | |
|Y|N B _|_  | |O| | |
|_   _     _ _| | |_|
|_ _  |_|_| |_   _  |
|S| |_    | |       |
| | |  _|_|  _|_| | |
|T   _    |_| |   | |
|_|_ _|_|_ _ _|_|_ _|

(sala:1: 2 3)
(sala:11: 5 6)
(sala:12: 8 9 9)
(sala:22: 11 12 13)
(sala:26: 13 14 15 15 16)
(sala:27: 17 17 18 19 19)
(sala:37: 20 21 21 22 23)
(sala:47: 23 24 25 25 26)
(sala:57: 27 27 28 29 29)
(sala:58: 29 29)
(asimo:A:27:10: 27 25 23 21 19 17 15 13 11 9 7 5 3 1 )
(sonny:Y:30:10: 5 1 )
(bender:N:31:10: 11 7 4 1 )
(bender:B:32:10: 10 7 3 0 )
(asimo:O:37:10: 27 25 23 21 19 17 15 13 11 9 7 5 3 1 )
(spirit:S:60:10: )
(spirit:T:80:10: )
(turno:10)
(laberinto:99)
(puerta:cerrada:7: 1 3 5 7 9 11 13 15 17 19 21 23 25 27 29:)
 _ _ _ _ _ _ _ _ _ _
|_  |_  | |    _ _  |
|  _  |  _ _| | |_  |
|Y|  _ _  |  A O| | |
|_|_ N _|_  | | | | |
|_   B     _ _| | |_|
|_ _  |_|_| |_   _  |
| | |_    | |       |
|S| |  _|_|  _|_| | |
|  T _    |_| |   | |
|_|_ _|_|_ _ _|_|_ _|

(sala:1: 2 3)
(sala:11: 5 6)
(sala:12: 8 9 9)
(sala:22: 11 12 13)
(sala:26: 13 14 15 15 16 27)
(sala:27: 17 17 18 19 19)
(sala:37: 20 21 21 22 23)
(sala:47: 23 24 25 25 26)
(sala:57: 27 27 28 29 29)
(sala:58: 29 29)
(sonny:Y:20:11: 5 1 )
(asimo:A:26:11: 25 23 21 19 17 15 13 11 9 7 5 3 1 )
(asimo:O:27:11: 27 25 23 21 19 17 15 13 11 9 7 5 3 1 )
(bender:N:32:11: 11 7 4 1 )
(bender:B:42:11: 10 7 3 0 )
(spirit:S:70:11: )
(spirit:T:81:11: )
(turno:11)
(laberinto:99)
(puerta:cerrada:7: 1 3 5 7 9 11 13 15 17 19 21 23 25 27 29:)
 _ _ _ _ _ _ _ _ _ _
|_  |_  | |    _ _  |
|Y _  |  _ _|A| |_  |
| |  _ _  |  O  | | |
|_|_   _|_  | | | | |
|_   N B   _ _| | |_|
|_ _  |_|_| |_   _  |
| | |_    | |       |
| |T|  _|_|  _|_| | |
|S   _    |_| |   | |
|_|_ _|_|_ _ _|_|_ _|

(sala:1: 2 3)
(sala:11: 5 6)
(sala:12: 8 9 9)
(sala:16: 25)
(sala:22: 11 12 13)
(sala:26: 13 14 15 15 16 27 27)
(sala:27: 17 17 18 19 19)
(sala:37: 20 21 21 22 23)
(sala:47: 23 24 25 25 26)
(sala:57: 27 27 28 29 29)
(sala:58: 29 29)
(sonny:Y:10:12: 5 1 )
(asimo:A:16:12: 23 21 19 17 15 13 11 9 7 5 3 1 )
(asimo:O:26:12: 25 23 21 19 17 15 13 11 9 7 5 3 1 )
(bender:N:42:12: 11 7 4 1 )
(bender:B:43:12: 10 7 3 0 )
(spirit:T:71:12: )
(spirit:S:80:12: )
(turno:12)
(laberinto:99)
(puerta:cerrada:7: 1 3 5 7 9 11 13 15 17 19 21 23 25 27 29:)
 _ _ _ _ _ _ _ _ _ _
|_  |_  | |  A _ _  |
|  Y  |  _ _|O| |_  |
| |  _ _  |     | | |
|_|_   _|_  | | | | |
|_   _ N B _ _| | |_|
|_ _  |_|_| |_   _  |
| |T|_    | |       |
| | |  _|_|  _|_| | |
|  S _    |_| |   | |
|_|_ _|_|_ _ _|_|_ _|

(sala:1: 2 3)
(sala:6: 23)
(sala:11: 6)
(sala:12: 8 9 9)
(sala:16: 25 25)
(sala:22: 11 12 13)
(sala:26: 13 14 15 15 16 27 27)
(sala:27: 17 17 18 19 19)
(sala:37: 20 21 21 22 23)
(sala:47: 23 24 25 25 26)
(sala:57: 27 27 28 29 29)
(sala:58: 29 29)
(asimo:A:6:13: 21 19 17 15 13 11 9 7 5 3 1 )
(sonny:Y:11:13: 5 5 1 )
(asimo:O:16:13: 23 21 19 17 15 13 11 9 7 5 3 1 )
(bender:N:43:13: 11 7 4 1 )
(bender:B:44:13: 10 7 3 0 )
(spirit:T:61:13: )
(spirit:S:81:13: )
(turno:13)
(laberinto:99)
(puerta:cerrada:7: 1 3 5 7 9 11 13 15 17 19 21 23 25 27 29:)
 _ _ _ _ _ _ _ _ _ _
|_  |_  | |  O A _  |
|  _ Y|  _ _| | |_  |
| |  _ _  |     | | |
|_|_   _|_  | | | | |
|_   _   N B _| | |_|
|_ _  |_|_| |_   _  |
| | |_    | |       |
| |2|  _|_|  _|_| | |
|    _    |_| |   | |
|_|_ _|_|_ _ _|_|_ _|

(sala:1: 2 3)
(sala:6: 23 23)
(sala:11: 6)
(sala:12: 9 9)
(sala:16: 25 25)
(sala:22: 11 12 13)
(sala:26: 13 14 15 15 16 27 27)
(sala:27: 17 17 18 19 19)
(sala:37: 20 21 21 22 23)
(sala:47: 23 24 25 25 26)
(sala:57: 27 27 28 29 29)
(sala:58: 29 29)
(asimo:O:6:14: 21 19 17 15 13 11 9 7 5 3 1 )
(asimo:A:7:14: 21 19 17 15 13 11 9 7 5 3 1 )
(sonny:Y:12:14: 8 5 5 1 )
(bender:N:44:14: 11 7 4 1 )
(bender:B:45:14: 10 7 3 0 )
(spirit:T:71:14: )
(spirit:S:71:14: )
(turno:14)
(laberinto:99)
(puerta:cerrada:7: 1 3 5 7 9 11 13 15 17 19 21 23 25 27 29:)
 _ _ _ _ _ _ _ _ _ _
|_  |_  | |    O A  |
|  _  |  _ _| | |_  |
| |  Y _  |     | | |
|_|_   _|_ B| | | | |
|_   _     N _| | |_|
|_ _  |_|_| |_   _  |
| |S|_    | |       |
| | |  _|_|  _|_| | |
|  T _    |_| |   | |
|_|_ _|_|_ _ _|_|_ _|

(sala:1: 2 3)
(sala:6: 23 23)
(sala:8: 21)
(sala:11: 6)
(sala:12: 9 9)
(sala:16: 25 25)
(sala:22: 12 13)
(sala:26: 13 14 15 15 16 27 27)
(sala:27: 17 17 18 19 19)
(sala:37: 20 21 21 22 23)
(sala:47: 23 24 25 25 26)
(sala:57: 27 27 28 29 29)
(sala:58: 29 29)
(asimo:O:7:15: 21 19 17 15 13 11 9 7 5 3 1 )
(asimo:A:8:15: 19 17 15 13 11 9 7 5 3 1 )
(sonny:Y:22:15: 11 8 5 5 1 )
(bender:B:35:15: 10 7 3 0 )
(bender:N:45:15: 11 7 4 1 )
(spirit:S:61:15: )
(spirit:T:81:15: )
(turno:15)
(laberinto:99)
(puerta:cerrada:7: 1 3 5 7 9 11 13 15 17 19 21 23 25 27 29:)
 _ _ _ _ _ _ _ _ _ _
|_  |_  | |    _ O A|
|  _  |  _ _| | |_  |
| |Y _ _  |B    | | |
|_|_   _|_ N| | | | |
|_   _     _ _| | |_|
|_ _  |_|_| |_   _  |
| | |_    | |       |
| |S|  _|_|  _|_| | |
|    T    |_| |   | |
|_|_ _|_|_ _ _|_|_ _|

(sala:1: 2 3)
(sala:6: 23 23)
(sala:8: 21 21)
(sala:11: 6)
(sala:12: 9 9)
(sala:16: 25 25)
(sala:22: 12 13)
(sala:26: 13 14 15 15 16 27 27)
(sala:27: 17 17 18 19 19)
(sala:37: 20 21 21 22 23)
(sala:47: 23 24 25 25 26)
(sala:57: 27 27 28 29 29)
(sala:58: 29 29)
(asimo:O:8:16: 19 17 15 13 11 9 7 5 3 1 )
(asimo:A:9:16: 19 17 15 13 11 9 7 5 3 1 )
(sonny:Y:21:16: 11 8 5 5 1 )
(bender:B:25:16: 10 7 3 0 )
(bender:N:35:16: 11 7 4 1 )
(spirit:S:71:16: )
(spirit:T:82:16: )
(turno:16)
(laberinto:99)
(puerta:cerrada:7: 1 3 5 7 9 11 13 15 17 19 21 23 25 27 29:)
 _ _ _ _ _ _ _ _ _ _
|_  |_  | |    _ A O|
|  _  |  _ _| | |_  |
| |  _ _  |N B  | | |
|_|Y   _|_  | | | | |
|_   _     _ _| | |_|
|_ _  |_|_| |_   _  |
| | |_    | |       |
| | |T _|_|  _|_| | |
|  S _    |_| |   | |
|_|_ _|_|_ _ _|_|_ _|

(sala:1: 2 3)
(sala:6: 23 23)
(sala:8: 19 21 21)
(sala:11: 6)
(sala:12: 9 9)
(sala:16: 25 25)
(sala:22: 12 13)
(sala:26: 14 15 15 16 27 27)
(sala:27: 17 17 18 19 19)
(sala:37: 20 21 21 22 23)
(sala:47: 23 24 25 25 26)
(sala:57: 27 27 28 29 29)
(sala:58: 29 29)
(asimo:A:8:17: 17 15 13 11 9 7 5 3 1 )
(asimo:O:9:17: 19 17 15 13 11 9 7 5 3 1 )
(bender:N:25:17: 11 7 4 1 )
(bender:B:26:17: 13 10 7 3 0 )
(sonny:Y:31:17: 11 8 5 5 1 )
(spirit:T:72:17: )
(spirit:S:81:17: )
(turno:17)
(laberinto:99)
(puerta:cerrada:7: 1 3 5 7 9 11 13 15 17 19 21 23 25 27 29:)
 _ _ _ _ _ _ _ _ _ _
|_  |_  | |    A O  |
|  _  |  _ _| | |_  |
| |  _ _  |  N B| | |
|_|_ Y _|_  | | | | |
|_   _     _ _| | |_|
|_ _  |_|_| |_   _  |
| | |_    | |       |
| | |  T|_|  _|_| | |
|    S    |_| |   | |
|_|_ _|_|_ _ _|_|_ _|

(sala:1: 2 3)
(sala:6: 23 23)
(sala:8: 19 19 21 21)
(sala:11: 6)
(sala:12: 9 9)
(sala:16: 25 25)
(sala:22: 12 13)
(sala:26: 15 15 16 27 27)
(sala:27: 17 18 19 19)
(sala:37: 20 21 21 22 23)
(sala:47: 23 24 25 25 26)
(sala:57: 27 27 28 29 29)
(sala:58: 29 29)
(asimo:A:7:18: 17 15 13 11 9 7 5 3 1 )
(asimo:O:8:18: 17 15 13 11 9 7 5 3 1 )
(bender:N:26:18: 14 11 7 4 1 )
(bender:B:27:18: 17 13 10 7 3 0 )
(sonny:Y:32:18: 11 8 5 5 1 )
(spirit:T:73:18: )
(spirit:S:82:18: )
(turno:18)
(laberinto:99)
(puerta:cerrada:7: 1 3 5 7 9 11 13 15 17 19 21 23 25 27 29:)
 _ _ _ _ _ _ _ _ _ _
|_  |_  | |  A O _  |
|  _  |  _ _| | |_  |
| |  _ _  |    N| | |
|_|_   _|_  | |B| | |
|_   Y     _ _| | |_|
|_ _  |_|_| |_   _  |
| | |_ T  | |       |
| | |S _|_|  _|_| | |
|    _    |_| |   | |
|_|_ _|_|_ _ _|_|_ _|

(sala:1: 2 3)
(sala:6: 17 23 23)
(sala:8: 19 19 21 21)
(sala:11: 6)
(sala:12: 9 9)
(sala:16: 25 25)
(sala:22: 12 13)
(sala:26: 15 15 16 27 27)
(sala:27: 18 19 19)
(sala:37: 21 21 22 23)
(sala:47: 23 24 25 25 26)
(sala:57: 27 27 28 29 29)
(sala:58: 29 29)
(asimo:A:6:19: 15 13 11 9 7 5 3 1 )
(asimo:O:7:19: 17 15 13 11 9 7 5 3 1 )
(bender:N:27:19: 17 14 11 7 4 1 )
(bender:B:37:19: 20 17 13 10 7 3 0 )
(sonny:Y:42:19: 11 8 5 5 1 )
(spirit:T:63:19: )
(spirit:S:72:19: )
(turno:19)
(laberinto:99)
(puerta:cerrada:7: 1 3 5 7 9 11 13 15 17 19 21 23 25 27 29:)
 _ _ _ _ _ _ _ _ _ _
|_  |_  | |A O _ _  |
|  _  |  _ _| | |_  |
| |  _ _  |     | | |
|_|_   _|_  | |N| | |
|_ Y _     _ _|B| |_|
|_ _  |_|_| |_   _  |
| | |T    | |       |
| | |  S|_|  _|_| | |
|    _    |_| |   | |
|_|_ _|_|_ _ _|_|_ _|

(sala:1: 2 3)
(sala:6: 17 17 23 23)
(sala:8: 19 19 21 21)
(sala:11: 6)
(sala:12: 9 9)
(sala:16: 25 25)
(sala:22: 12 13)
(sala:26: 15 15 16 27 27)
(sala:27: 18 19 19)
(sala:37: 21 22 23)
(sala:47: 24 25 25 26)
(sala:57: 27 27 28 29 29)
(sala:58: 29 29)
(asimo:A:5:20: 15 13 11 9 7 5 3 1 )
(asimo:O:6:20: 15 13 11 9 7 5 3 1 )
(bender:N:37:20: 21 17 14 11 7 4 1 )
(sonny:Y:41:20: 11 8 5 5 1 )
(bender:B:47:20: 23 20 17 13 10 7 3 0 )
(spirit:T:62:20: )
(spirit:S:73:20: )
(turno:20)
(laberinto:99)
(puerta:cerrada:7: 1 3 5 7 9 11 13 15 17 19 21 23 25 27 29:)
 _ _ _ _ _ _ _ _ _ _
|_  |_  | |O   _ _  |
|  _  |  _ A| | |_  |
| |  _ _  |     | | |
|_|_   _|_  | | | | |
|Y   _     _ _|N| |_|
|_ _ T|_|_| |_ B _  |
| | |_ S  | |       |
| | |  _|_|  _|_| | |
|    _    |_| |   | |
|_|_ _|_|_ _ _|_|_ _|

(sala:1: 2 3)
(sala:6: 17 17 23 23)
(sala:8: 19 19 21 21)
(sala:11: 6)
(sala:12: 9 9)
(sala:16: 25 25)
(sala:22: 12 13)
(sala:26: 15 15 16 27 27)
(sala:27: 18 19 19)
(sala:37: 21 22 23)
(sala:47: 25 25 26)
(sala:57: 27 28 29 29)
(sala:58: 29 29)
(asimo:O:5:21: 15 13 11 9 7 5 3 1 )
(asimo:A:15:21: 15 13 11 9 7 5 3 1 )
(sonny:Y:40:21: 11 8 5 5 1 )
(bender:N:47:21: 24 21 17 14 11 7 4 1 )
(spirit:T:52:21: )
(bender:B:57:21: 27 23 20 17 13 10 7 3 0 )
(spirit:S:63:21: )
(turno:21)
(laberinto:99)
(puerta:cerrada:7: 1 3 5 7 9 11 13 15 17 19 21 23 25 27 29:)
 _ _ _ _ _ _ _ _ _ _
|_  |_  | |    _ _  |
|  _  |  A O| | |_  |
| |  _ _  |     | | |
|_|_   _|_  | | | | |
|_ Y _     _ _| | |_|
|_ T  |_|_| |_ N B  |
| | |S    | |       |
| | |  _|_|  _|_| | |
|    _    |_| |   | |
|_|_ _|_|_ _ _|_|_ _|

(sala:1: 2 3)
(sala:6: 17 17 23 23)
(sala:8: 19 19 21 21)
(sala:11: 6)
(sala:12: 9 9)
(sala:14: 15)
(sala:16: 25 25)
(sala:22: 12 13)
(sala:26: 15 15 16 27 27)
(sala:27: 18 19 19)
(sala:37: 21 22 23)
(sala:47: 25 25 26)
(sala:57: 28 29 29)
(sala:58: 29)
(asimo:A:14:22: 13 11 9 7 5 3 1 )
(asimo:O:15:22: 15 13 11 9 7 5 3 1 )
(sonny:Y:41:22: 11 8 5 5 1 )
(spirit:T:51:22: )
(bender:N:57:22: 27 24 21 17 14 11 7 4 1 )
(bender:B:58:22: 29 27 23 20 17 13 10 7 3 0 )
(spirit:S:62:22: )
(turno:22)
(laberinto:99)
(puerta:cerrada:7: 1 3 5 7 9 11 13 15 17 19 21 23 25 27 29:)
 _ _ _ _ _ _ _ _ _ _
|_  |_  | |    _ _  |
|  _  |A O _| | |_  |
| |  _ _  |     | | |
|_|_   _|_  | | | | |
|_   _     _ _| | |_|
|T Y S|_|_| |_   N B|
| | |_    | |       |
| | |  _|_|  _|_| | |
|    _    |_| |   | |
|_|_ _|_|_ _ _|_|_ _|

(sala:1: 2 3)
(sala:6: 17 17 23 23)
(sala:8: 19 19 21 21)
(sala:11: 6)
(sala:12: 9 9)
(sala:14: 15 15)
(sala:16: 25 25)
(sala:22: 12 13)
(sala:26: 15 15 16 27 27)
(sala:27: 18 19 19)
(sala:37: 21 22 23)
(sala:47: 25 25 26)
(sala:57: 28 29 29)
(asimo:A:13:23: 13 11 9 7 5 3 1 )
(asimo:O:14:23: 13 11 9 7 5 3 1 )
(spirit:T:50:23: )
(sonny:Y:51:23: 11 8 5 5 1 )
(spirit:S:52:23: )
(bender:N:58:23: 29 27 24 21 17 14 11 7 4 1 )
(bender:B:59:23: 29 27 23 20 17 13 10 7 3 0 )
(turno:23)
(laberinto:99)
(puerta:cerrada:7: 1 3 5 7 9 11 13 15 17 19 21 23 25 27 29:)
 _ _ _ _ _ _ _ _ _ _
|_  |_  | |    _ _  |
|  _  |O _ _| | |_  |
| |  _ A  |     | | |
|_|_   _|_  | | | | |
|_   _     _ _| | |_|
|Y 2  |_|_| |_   _ N|
| | |_    | |      B|
| | |  _|_|  _|_| | |
|    _    |_| |   | |
|_|_ _|_|_ _ _|_|_ _|

(sala:1: 2 3)
(sala:6: 17 17 23 23)
(sala:8: 19 19 21 21)
(sala:11: 6)
(sala:12: 9 9)
(sala:14: 15 15)
(sala:16: 25 25)
(sala:22: 12 13)
(sala:26: 15 15 16 27 27)
(sala:27: 18 19 19)
(sala:37: 21 22 23)
(sala:47: 25 25 26)
(sala:57: 28 29 29)
(asimo:O:13:24: 13 11 9 7 5 3 1 )
(asimo:A:23:24: 13 11 9 7 5 3 1 )
(sonny:Y:50:24: 11 8 5 5 1 )
(spirit:T:51:24: )
(spirit:S:51:24: )
(bender:N:59:24: 29 27 24 21 17 14 11 7 4 1 )
(bender:B:69:24: 29 27 23 20 17 13 10 7 3 0 )
(turno:24)
(laberinto:99)
(puerta:cerrada:7: 1 3 5 7 9 11 13 15 17 19 21 23 25 27 29:)
 _ _ _ _ _ _ _ _ _ _
|_  |_  | |    _ _  |
|  _  |  _ _| | |_  |
| |  A O  |     | | |
|_|_   _|_  | | | | |
|_ T _     _ _| | |_|
|S Y  |_|_| |_   _  |
| | |_    | |    B N|
| | |  _|_|  _|_| | |
|    _    |_| |   | |
|_|_ _|_|_ _ _|_|_ _|

(sala:1: 2 3)
(sala:6: 17 17 23 23)
(sala:8: 19 19 21 21)
(sala:11: 6)
(sala:12: 9 9)
(sala:14: 15 15)
(sala:16: 25 25)
(sala:22: 12 13 13)
(sala:26: 15 15 16 27 27)
(sala:27: 18 19 19)
(sala:37: 21 22 23)
(sala:47: 25 25 26)
(sala:57: 28 29 29)
(asimo:A:22:25: 11 9 7 5 3 1 )
(asimo:O:23:25: 13 11 9 7 5 3 1 )
(spirit:T:41:25: )
(spirit:S:50:25: )
(sonny:Y:51:25: 11 8 5 5 1 )
(bender:B:68:25: 29 27 23 20 17 13 10 7 3 0 )
(bender:N:69:25: 29 27 24 21 17 14 11 7 4 1 )
(turno:25)
(laberinto:99)
(puerta:cerrada:7: 1 3 5 7 9 11 13 15 17 19 21 23 25 27 29:)
 _ _ _ _ _ _ _ _ _ _
|_  |_  | |    _ _  |
|  _ A|  _ _| | |_  |
| |  O _  |     | | |
|_|_   _|_  | | | | |
|T   _     _ _| | |_|
|_ S Y|_|_| |_   _  |
| | |_    | |    N  |
| | |  _|_|  _|_|B| |
|    _    |_| |   | |
|_|_ _|_|_ _ _|_|_ _|

(sala:1: 2 3)
(sala:6: 17 17 23 23)
(sala:8: 19 19 21 21)
(sala:11: 6)
(sala:12: 9 9 11)
(sala:14: 15 15)
(sala:16: 25 25)
(sala:22: 12 13 13 13)
(sala:26: 15 15 16 27 27)
(sala:27: 18 19 19)
(sala:37: 21 22 23)
(sala:47: 25 25 26)
(sala:57: 28 29 29)
(asimo:A:12:26: 9 7 5 3 1 )
(asimo:O:22:26: 11 9 7 5 3 1 )
(spirit:T:40:26: )
(spirit:S:51:26: )
(sonny:Y:52:26: 11 8 5 5 1 )
(bender:N:68:26: 29 27 24 21 17 14 11 7 4 1 )
(bender:B:78:26: 29 27 23 20 17 13 10 7 3 0 )
(turno:26)
(laberinto:99)
(puerta:cerrada:7: 1 3 5 7 9 11 13 15 17 19 21 23 25 27 29:)
 _ _ _ _ _ _ _ _ _ _
|_  |_  | |    _ _  |
|  A O|  _ _| | |_  |
| |  _ _  |     | | |
|_|_   _|_  | | | | |
|_ 2 _     _ _| | |_|
|_ _  |_|_| |_   _  |
| | |Y    | |       |
| | |  _|_|  _|_|N| |
|    _    |_| |  B| |
|_|_ _|_|_ _ _|_|_ _|

(sala:1: 2 3)
(sala:6: 17 17 23 23)
(sala:8: 19 19 21 21)
(sala:11: 6)
(sala:12: 9 9 11 11)
(sala:14: 15 15)
(sala:16: 25 25)
(sala:22: 12 13 13 13)
(sala:26: 15 15 16 27 27)
(sala:27: 18 19 19)
(sala:37: 21 22 23)
(sala:47: 25 25 26)
(sala:57: 28 29 29)
(asimo:A:11:27: 9 7 5 3 1 )
(asimo:O:12:27: 9 7 5 3 1 )
(spirit:T:41:27: )
(spirit:S:41:27: )
(sonny:Y:62:27: 11 8 5 5 1 )
(bender:N:78:27: 29 27 24 21 17 14 11 7 4 1 )
(bender:B:88:27: 29 27 23 20 17 13 10 7 3 0 )
(turno:27)
(laberinto:99)
(puerta:cerrada:7: 1 3 5 7 9 11 13 15 17 19 21 23 25 27 29:)
 _ _ _ _ _ _ _ _ _ _
|_ A|_  | |    _ _  |
|  O  |  _ _| | |_  |
| |  _ _  |     | | |
|_|_   _|_  | | | | |
|S   T     _ _| | |_|
|_ _  |_|_| |_   _  |
| | |_ Y  | |       |
| | |  _|_|  _|_| | |
|    _    |_| |  N| |
|_|_ _|_|_ _ _|_|B _|

(sala:1: 2 3)
(sala:6: 17 17 23 23)
(sala:8: 19 19 21 21)
(sala:11: 6)
(sala:12: 9 9 11 11)
(sala:14: 15 15)
(sala:16: 25 25)
(sala:22: 12 13 13 13)
(sala:26: 15 15 16 27 27)
(sala:27: 18 19 19)
(sala:37: 21 22 23)
(sala:47: 25 25 26)
(sala:57: 28 29 29)
(asimo:A:1:28: 9 7 5 3 1 )
(asimo:O:11:28: 9 7 5 3 1 )
(spirit:S:40:28: )
(spirit:T:42:28: )
(sonny:Y:63:28: 11 8 5 5 1 )
(bender:N:88:28: 29 27 24 21 17 14 11 7 4 1 )
(bender:B:98:28: 29 27 23 20 17 13 10 7 3 0 )
(turno:28)
(laberinto:99)
(puerta:cerrada:7: 1 3 5 7 9 11 13 15 17 19 21 23 25 27 29:)
 _ _ _ _ _ _ _ _ _ _
|A O|_  | |    _ _  |
|  _  |  _ _| | |_  |
| |  _ _  |     | | |
|_|_ T _|_  | | | | |
|_ S _     _ _| | |_|
|_ _  |_|_| |_   _  |
| | |_    | |       |
| | |  Y|_|  _|_| | |
|    _    |_| |   | |
|_|_ _|_|_ _ _|_|N B|

(sala:0: 9)
(sala:1: 2 3)
(sala:6: 17 17 23 23)
(sala:8: 19 19 21 21)
(sala:11: 6)
(sala:12: 9 9 11 11)
(sala:14: 15 15)
(sala:16: 25 25)
(sala:22: 12 13 13 13)
(sala:26: 15 15 16 27 27)
(sala:27: 18 19 19)
(sala:37: 21 22 23)
(sala:47: 25 25 26)
(sala:57: 28 29 29)
(asimo:A:0:29: 7 5 3 1 )
(asimo:O:1:29: 9 7 5 3 1 )
(spirit:T:32:29: )
(spirit:S:41:29: )
(sonny:Y:73:29: 11 8 5 5 1 )
(bender:N:98:29: 29 27 24 21 17 14 11 7 4 1 )
(bender:B:99:29: 29 27 23 20 17 13 10 7 3 0 )
(turno:29)
(laberinto:99)
(puerta:abierta:7: 1 3 5 7 9 11 13 15 17 19 21 23 25 27: 29)
 _ _ _ _ _ _ _ _ _ _
|O A|_  | |    _ _  |
|  _  |  _ _| | |_  |
| |  _ _  |     | | |
|_|T   _|_  | | | | |
|_   S     _ _| | |_|
|_ _  |_|_| |_   _  |
| | |_    | |       |
| | |Y _|_|  _|_| | |
|    _    |_| |   | |
|_|_ _|_|_ _ _|_|_ N|

(sala:0: 9 9)
(sala:1: 2 3)
(sala:6: 17 17 23 23)
(sala:8: 19 19 21 21)
(sala:11: 6)
(sala:12: 9 9 11 11)
(sala:14: 15 15)
(sala:16: 25 25)
(sala:22: 12 13 13 13)
(sala:26: 15 15 16 27 27)
(sala:27: 18 19 19)
(sala:37: 21 22 23)
(sala:47: 25 25 26)
(sala:57: 28 29 29)
(asimo:O:0:30: 7 5 3 1 )
(asimo:A:1:30: 7 5 3 1 )
(spirit:T:31:30: )
(spirit:S:42:30: )
(sonny:Y:72:30: 11 8 5 5 1 )
(bender:N:99:30: 29 27 24 21 17 14 11 7 4 1 )
(bender:B:-1:-1) 
